<?xml version="1.0" encoding="UTF-8"?>
<!-- Generated by org.testng.reporters.JUnitXMLReporter -->
<testsuite hostname="Abe-laptop" ignored="0" name="Regression Test" tests="6" failures="0" timestamp="2022-06-20T13:37:39 CDT" time="70.468" errors="0">
  <testcase name="testCarvanaTitleAndUrl" time="2.36" classname="scripts.CarvanaTest"/>
  <testcase name="testCarvanaLogo" time="2.224" classname="scripts.CarvanaTest"/>
  <testcase name="testMainNavigation" time="2.353" classname="scripts.CarvanaTest"/>
  <testcase name="testSignErrorMessage" time="3.573" classname="scripts.CarvanaTest"/>
  <testcase name="testSearchFilterOptionsAndSearchButton" time="9.042" classname="scripts.CarvanaTest"/>
  <testcase name="testSearchResultTitles" time="18.371" classname="scripts.CarvanaTest"/>
</testsuite> <!-- Regression Test -->
