<?xml version="1.0" encoding="UTF-8"?>
<testng-results skipped="0" failed="0" ignored="0" total="6" passed="6">
  <reporter-output>
  </reporter-output>
  <suite name="Regression" duration-ms="70468" started-at="2022-06-20T13:36:29 CDT" finished-at="2022-06-20T13:37:39 CDT">
    <groups>
    </groups>
    <test name="Regression Test" duration-ms="70468" started-at="2022-06-20T13:36:29 CDT" finished-at="2022-06-20T13:37:39 CDT">
      <class name="scripts.CarvanaTest">
        <test-method status="PASS" signature="setup()[pri:0, instance:scripts.CarvanaTest@5442a311]" name="setup" is-config="true" duration-ms="1989" started-at="2022-06-20T13:36:29 CDT" finished-at="2022-06-20T13:36:31 CDT">
          <reporter-output>
          </reporter-output>
        </test-method> <!-- setup -->
        <test-method status="PASS" signature="testCarvanaTitleAndUrl()[pri:1, instance:scripts.CarvanaTest@5442a311]" name="testCarvanaTitleAndUrl" duration-ms="2360" started-at="2022-06-20T13:36:31 CDT" description="Validate Carvana home page title and url" finished-at="2022-06-20T13:36:33 CDT">
          <reporter-output>
          </reporter-output>
        </test-method> <!-- testCarvanaTitleAndUrl -->
        <test-method status="PASS" signature="teardown()[pri:0, instance:scripts.CarvanaTest@5442a311]" name="teardown" is-config="true" duration-ms="3975" started-at="2022-06-20T13:36:33 CDT" finished-at="2022-06-20T13:36:37 CDT">
          <reporter-output>
          </reporter-output>
        </test-method> <!-- teardown -->
        <test-method status="PASS" signature="setup()[pri:0, instance:scripts.CarvanaTest@5442a311]" name="setup" is-config="true" duration-ms="1384" started-at="2022-06-20T13:36:37 CDT" finished-at="2022-06-20T13:36:39 CDT">
          <reporter-output>
          </reporter-output>
        </test-method> <!-- setup -->
        <test-method status="PASS" signature="testCarvanaLogo()[pri:2, instance:scripts.CarvanaTest@5442a311]" name="testCarvanaLogo" duration-ms="2224" started-at="2022-06-20T13:36:39 CDT" description="Validate the Carvana logo" finished-at="2022-06-20T13:36:41 CDT">
          <reporter-output>
          </reporter-output>
        </test-method> <!-- testCarvanaLogo -->
        <test-method status="PASS" signature="teardown()[pri:0, instance:scripts.CarvanaTest@5442a311]" name="teardown" is-config="true" duration-ms="3954" started-at="2022-06-20T13:36:41 CDT" finished-at="2022-06-20T13:36:45 CDT">
          <reporter-output>
          </reporter-output>
        </test-method> <!-- teardown -->
        <test-method status="PASS" signature="setup()[pri:0, instance:scripts.CarvanaTest@5442a311]" name="setup" is-config="true" duration-ms="1172" started-at="2022-06-20T13:36:45 CDT" finished-at="2022-06-20T13:36:46 CDT">
          <reporter-output>
          </reporter-output>
        </test-method> <!-- setup -->
        <test-method status="PASS" signature="testMainNavigation()[pri:3, instance:scripts.CarvanaTest@5442a311]" name="testMainNavigation" duration-ms="2353" started-at="2022-06-20T13:36:46 CDT" description="Validate the main navigation section items" finished-at="2022-06-20T13:36:48 CDT">
          <reporter-output>
          </reporter-output>
        </test-method> <!-- testMainNavigation -->
        <test-method status="PASS" signature="teardown()[pri:0, instance:scripts.CarvanaTest@5442a311]" name="teardown" is-config="true" duration-ms="4067" started-at="2022-06-20T13:36:48 CDT" finished-at="2022-06-20T13:36:52 CDT">
          <reporter-output>
          </reporter-output>
        </test-method> <!-- teardown -->
        <test-method status="PASS" signature="setup()[pri:0, instance:scripts.CarvanaTest@5442a311]" name="setup" is-config="true" duration-ms="1211" started-at="2022-06-20T13:36:52 CDT" finished-at="2022-06-20T13:36:54 CDT">
          <reporter-output>
          </reporter-output>
        </test-method> <!-- setup -->
        <test-method status="PASS" signature="testSignErrorMessage()[pri:4, instance:scripts.CarvanaTest@5442a311]" name="testSignErrorMessage" duration-ms="3573" started-at="2022-06-20T13:36:54 CDT" description="Validate the sign in error message" finished-at="2022-06-20T13:36:57 CDT">
          <reporter-output>
          </reporter-output>
        </test-method> <!-- testSignErrorMessage -->
        <test-method status="PASS" signature="teardown()[pri:0, instance:scripts.CarvanaTest@5442a311]" name="teardown" is-config="true" duration-ms="4026" started-at="2022-06-20T13:36:57 CDT" finished-at="2022-06-20T13:37:01 CDT">
          <reporter-output>
          </reporter-output>
        </test-method> <!-- teardown -->
        <test-method status="PASS" signature="setup()[pri:0, instance:scripts.CarvanaTest@5442a311]" name="setup" is-config="true" duration-ms="1160" started-at="2022-06-20T13:37:01 CDT" finished-at="2022-06-20T13:37:02 CDT">
          <reporter-output>
          </reporter-output>
        </test-method> <!-- setup -->
        <test-method status="PASS" signature="testSearchFilterOptionsAndSearchButton()[pri:5, instance:scripts.CarvanaTest@5442a311]" name="testSearchFilterOptionsAndSearchButton" duration-ms="9042" started-at="2022-06-20T13:37:02 CDT" description="Validate the search filter options and search button" finished-at="2022-06-20T13:37:11 CDT">
          <reporter-output>
          </reporter-output>
        </test-method> <!-- testSearchFilterOptionsAndSearchButton -->
        <test-method status="PASS" signature="teardown()[pri:0, instance:scripts.CarvanaTest@5442a311]" name="teardown" is-config="true" duration-ms="4152" started-at="2022-06-20T13:37:11 CDT" finished-at="2022-06-20T13:37:16 CDT">
          <reporter-output>
          </reporter-output>
        </test-method> <!-- teardown -->
        <test-method status="PASS" signature="setup()[pri:0, instance:scripts.CarvanaTest@5442a311]" name="setup" is-config="true" duration-ms="1218" started-at="2022-06-20T13:37:16 CDT" finished-at="2022-06-20T13:37:17 CDT">
          <reporter-output>
          </reporter-output>
        </test-method> <!-- setup -->
        <test-method status="PASS" signature="testSearchResultTitles()[pri:6, instance:scripts.CarvanaTest@5442a311]" name="testSearchResultTitles" duration-ms="18371" started-at="2022-06-20T13:37:17 CDT" description="Validate the search result tiles" finished-at="2022-06-20T13:37:35 CDT">
          <reporter-output>
          </reporter-output>
        </test-method> <!-- testSearchResultTitles -->
        <test-method status="PASS" signature="teardown()[pri:0, instance:scripts.CarvanaTest@5442a311]" name="teardown" is-config="true" duration-ms="4191" started-at="2022-06-20T13:37:35 CDT" finished-at="2022-06-20T13:37:39 CDT">
          <reporter-output>
          </reporter-output>
        </test-method> <!-- teardown -->
      </class> <!-- scripts.CarvanaTest -->
    </test> <!-- Regression Test -->
  </suite> <!-- Regression -->
</testng-results>
